# JRE version: OpenJDK Runtime Environment Microsoft-13106358 (17.0.18+8) (build 17.0.18+8-LTS)
# Java VM: OpenJDK 64-Bit Server VM Microsoft-13106358 (17.0.18+8-LTS, mixed mode, sharing, tiered, compressed oops, compressed class ptrs, g1 gc, windows-amd64)
GC Precious Log:
 CPUs: 4 total, 4 available
 Memory: 7843M
 Large Page Support: Disabled
 NUMA Support: Disabled
 Compressed Oops: Enabled (32-bit)
 Heap Region Size: 1M
 Heap Min Capacity: 8M
 Heap Initial Capacity: 124M
 Heap Max Capacity: 2G
 Pre-touch: Disabled
 Parallel Workers: 4
 Concurrent Workers: 1
 Concurrent Refinement Workers: 4
 Periodic GC: Disabled
Heap:
 garbage-first heap   total 81920K, used 61197K [0x0000000080000000, 0x0000000100000000)
  region size 1024K, 23 young (23552K), 2 survivors (2048K)
 Metaspace       used 48291K, committed 48896K, reserved 491520K
  class space    used 6742K, committed 7040K, reserved 425984K
GC Heap History (20 events):
Event: 19.649 GC heap before
{Heap before GC invocations=9 (full 0):
 garbage-first heap   total 81920K, used 60068K [0x0000000080000000, 0x0000000100000000)
  region size 1024K, 31 young (31744K), 4 survivors (4096K)
 Metaspace       used 35689K, committed 36096K, reserved 491520K
  class space    used 4943K, committed 5120K, reserved 425984K
}
Event: 19.657 GC heap after
{Heap after GC invocations=10 (full 0):
 garbage-first heap   total 81920K, used 31961K [0x0000000080000000, 0x0000000100000000)
  region size 1024K, 3 young (3072K), 3 survivors (3072K)
 Metaspace       used 35689K, committed 36096K, reserved 491520K
  class space    used 4943K, committed 5120K, reserved 425984K
}
Event: 21.399 GC heap before
{Heap before GC invocations=11 (full 0):
 garbage-first heap   total 81920K, used 64729K [0x0000000080000000, 0x0000000100000000)
  region size 1024K, 35 young (35840K), 3 survivors (3072K)
 Metaspace       used 38060K, committed 38464K, reserved 491520K
  class space    used 5266K, committed 5440K, reserved 425984K
}
Event: 21.411 GC heap after
{Heap after GC invocations=12 (full 0):
 garbage-first heap   total 81920K, used 35566K [0x0000000080000000, 0x0000000100000000)
  region size 1024K, 5 young (5120K), 5 survivors (5120K)
 Metaspace       used 38060K, committed 38464K, reserved 491520K
  class space    used 5266K, committed 5440K, reserved 425984K
}
Event: 22.830 GC heap before
{Heap before GC invocations=12 (full 0):
 garbage-first heap   total 81920K, used 64238K [0x0000000080000000, 0x0000000100000000)
  region size 1024K, 33 young (33792K), 5 survivors (5120K)
 Metaspace       used 40290K, committed 40704K, reserved 491520K
  class space    used 5598K, committed 5760K, reserved 425984K
}
Event: 22.840 GC heap after
{Heap after GC invocations=13 (full 0):
 garbage-first heap   total 81920K, used 37630K [0x0000000080000000, 0x0000000100000000)
  region size 1024K, 2 young (2048K), 2 survivors (2048K)
 Metaspace       used 40290K, committed 40704K, reserved 491520K
  class space    used 5598K, committed 5760K, reserved 425984K
}
Event: 23.097 GC heap before
{Heap before GC invocations=13 (full 0):
 garbage-first heap   total 81920K, used 43774K [0x0000000080000000, 0x0000000100000000)
  region size 1024K, 9 young (9216K), 2 survivors (2048K)
 Metaspace       used 40874K, committed 41280K, reserved 491520K
  class space    used 5698K, committed 5888K, reserved 425984K
}
Event: 23.101 GC heap after
{Heap after GC invocations=14 (full 0):
 garbage-first heap   total 81920K, used 38654K [0x0000000080000000, 0x0000000100000000)
  region size 1024K, 2 young (2048K), 2 survivors (2048K)
 Metaspace       used 40874K, committed 41280K, reserved 491520K
  class space    used 5698K, committed 5888K, reserved 425984K
}
Event: 248.297 GC heap before
{Heap before GC invocations=14 (full 0):
 garbage-first heap   total 81920K, used 67326K [0x0000000080000000, 0x0000000100000000)
  region size 1024K, 29 young (29696K), 2 survivors (2048K)
 Metaspace       used 43333K, committed 43904K, reserved 491520K
  class space    used 5965K, committed 6272K, reserved 425984K
}
Event: 248.322 GC heap after
{Heap after GC invocations=15 (full 0):
 garbage-first heap   total 81920K, used 38748K [0x0000000080000000, 0x0000000100000000)
  region size 1024K, 4 young (4096K), 4 survivors (4096K)
 Metaspace       used 43333K, committed 43904K, reserved 491520K
  class space    used 5965K, committed 6272K, reserved 425984K
}
Event: 1520.868 GC heap before
{Heap before GC invocations=15 (full 0):
 garbage-first heap   total 81920K, used 66396K [0x0000000080000000, 0x0000000100000000)
  region size 1024K, 31 young (31744K), 4 survivors (4096K)
 Metaspace       used 43503K, committed 44096K, reserved 491520K
  class space    used 5966K, committed 6272K, reserved 425984K
}
Event: 1521.079 GC heap after
{Heap after GC invocations=16 (full 0):
 garbage-first heap   total 81920K, used 38917K [0x0000000080000000, 0x0000000100000000)
  region size 1024K, 2 young (2048K), 2 survivors (2048K)
 Metaspace       used 43503K, committed 44096K, reserved 491520K
  class space    used 5966K, committed 6272K, reserved 425984K
}
Event: 2812.866 GC heap before
{Heap before GC invocations=16 (full 0):
 garbage-first heap   total 81920K, used 67589K [0x0000000080000000, 0x0000000100000000)
  region size 1024K, 30 young (30720K), 2 survivors (2048K)
 Metaspace       used 43564K, committed 44160K, reserved 491520K
  class space    used 5966K, committed 6272K, reserved 425984K
}
Event: 2812.963 GC heap after
{Heap after GC invocations=17 (full 0):
 garbage-first heap   total 81920K, used 38764K [0x0000000080000000, 0x0000000100000000)
  region size 1024K, 2 young (2048K), 2 survivors (2048K)
 Metaspace       used 43564K, committed 44160K, reserved 491520K
  class space    used 5966K, committed 6272K, reserved 425984K
}
Event: 2912.399 GC heap before
{Heap before GC invocations=18 (full 0):
 garbage-first heap   total 81920K, used 67436K [0x0000000080000000, 0x0000000100000000)
  region size 1024K, 31 young (31744K), 2 survivors (2048K)
 Metaspace       used 44398K, committed 44992K, reserved 491520K
  class space    used 6104K, committed 6400K, reserved 425984K
}
Event: 2912.427 GC heap after
{Heap after GC invocations=19 (full 0):
 garbage-first heap   total 81920K, used 41144K [0x0000000080000000, 0x0000000100000000)
  region size 1024K, 4 young (4096K), 4 survivors (4096K)
 Metaspace       used 44398K, committed 44992K, reserved 491520K
  class space    used 6104K, committed 6400K, reserved 425984K
}
Event: 2912.435 GC heap before
{Heap before GC invocations=19 (full 0):
 garbage-first heap   total 81920K, used 42168K [0x0000000080000000, 0x0000000100000000)
  region size 1024K, 5 young (5120K), 4 survivors (4096K)
 Metaspace       used 44398K, committed 44992K, reserved 491520K
  class space    used 6104K, committed 6400K, reserved 425984K
}
Event: 2912.535 GC heap after
{Heap after GC invocations=20 (full 0):
 garbage-first heap   total 81920K, used 39526K [0x0000000080000000, 0x0000000100000000)
  region size 1024K, 1 young (1024K), 1 survivors (1024K)
 Metaspace       used 44398K, committed 44992K, reserved 491520K
  class space    used 6104K, committed 6400K, reserved 425984K
}
Event: 2913.817 GC heap before
{Heap before GC invocations=20 (full 0):
 garbage-first heap   total 81920K, used 66150K [0x0000000080000000, 0x0000000100000000)
  region size 1024K, 27 young (27648K), 1 survivors (1024K)
 Metaspace       used 46393K, committed 46976K, reserved 491520K
  class space    used 6433K, committed 6720K, reserved 425984K
}
Event: 2913.822 GC heap after
{Heap after GC invocations=21 (full 0):
 garbage-first heap   total 81920K, used 40717K [0x0000000080000000, 0x0000000100000000)
  region size 1024K, 2 young (2048K), 2 survivors (2048K)
 Metaspace       used 46393K, committed 46976K, reserved 491520K
  class space    used 6433K, committed 6720K, reserved 425984K
}

