# JRE version: OpenJDK Runtime Environment Microsoft-13106358 (17.0.18+8) (build 17.0.18+8-LTS)
# Java VM: OpenJDK 64-Bit Server VM Microsoft-13106358 (17.0.18+8-LTS, mixed mode, sharing, tiered, compressed oops, compressed class ptrs, g1 gc, windows-amd64)
GC Precious Log:
 CPUs: 4 total, 4 available
 Memory: 7843M
 Large Page Support: Disabled
 NUMA Support: Disabled
 Compressed Oops: Enabled (32-bit)
 Heap Region Size: 1M
 Heap Min Capacity: 8M
 Heap Initial Capacity: 124M
 Heap Max Capacity: 1G
 Pre-touch: Disabled
 Parallel Workers: 4
 Concurrent Workers: 1
 Concurrent Refinement Workers: 4
 Periodic GC: Disabled
Heap:
 garbage-first heap   total 212992K, used 103423K [0x00000000c0000000, 0x0000000100000000)
  region size 1024K, 8 young (8192K), 2 survivors (2048K)
 Metaspace       used 77705K, committed 78592K, reserved 344064K
  class space    used 10755K, committed 11200K, reserved 212992K
GC Heap History (20 events):
Event: 27.537 GC heap before
{Heap before GC invocations=32 (full 0):
 garbage-first heap   total 119808K, used 98076K [0x00000000c0000000, 0x0000000100000000)
  region size 1024K, 30 young (30720K), 3 survivors (3072K)
 Metaspace       used 69791K, committed 70592K, reserved 278528K
  class space    used 9919K, committed 10304K, reserved 212992K
}
Event: 27.548 GC heap after
{Heap after GC invocations=33 (full 0):
 garbage-first heap   total 119808K, used 74123K [0x00000000c0000000, 0x0000000100000000)
  region size 1024K, 4 young (4096K), 4 survivors (4096K)
 Metaspace       used 69791K, committed 70592K, reserved 278528K
  class space    used 9919K, committed 10304K, reserved 212992K
}
Event: 28.182 GC heap before
{Heap before GC invocations=34 (full 0):
 garbage-first heap   total 135168K, used 97675K [0x00000000c0000000, 0x0000000100000000)
  region size 1024K, 28 young (28672K), 4 survivors (4096K)
 Metaspace       used 70012K, committed 70848K, reserved 278528K
  class space    used 9918K, committed 10304K, reserved 212992K
}
Event: 28.188 GC heap after
{Heap after GC invocations=35 (full 0):
 garbage-first heap   total 135168K, used 75220K [0x00000000c0000000, 0x0000000100000000)
  region size 1024K, 2 young (2048K), 2 survivors (2048K)
 Metaspace       used 70012K, committed 70848K, reserved 278528K
  class space    used 9918K, committed 10304K, reserved 212992K
}
Event: 28.290 GC heap before
{Heap before GC invocations=35 (full 0):
 garbage-first heap   total 135168K, used 83412K [0x00000000c0000000, 0x0000000100000000)
  region size 1024K, 6 young (6144K), 2 survivors (2048K)
 Metaspace       used 70073K, committed 70912K, reserved 278528K
  class space    used 9927K, committed 10304K, reserved 212992K
}
Event: 28.294 GC heap after
{Heap after GC invocations=36 (full 0):
 garbage-first heap   total 135168K, used 82195K [0x00000000c0000000, 0x0000000100000000)
  region size 1024K, 1 young (1024K), 1 survivors (1024K)
 Metaspace       used 70073K, committed 70912K, reserved 278528K
  class space    used 9927K, committed 10304K, reserved 212992K
}
Event: 28.305 GC heap before
{Heap before GC invocations=36 (full 0):
 garbage-first heap   total 135168K, used 83219K [0x00000000c0000000, 0x0000000100000000)
  region size 1024K, 3 young (3072K), 1 survivors (1024K)
 Metaspace       used 70073K, committed 70912K, reserved 278528K
  class space    used 9927K, committed 10304K, reserved 212992K
}
Event: 28.307 GC heap after
{Heap after GC invocations=37 (full 0):
 garbage-first heap   total 135168K, used 83414K [0x00000000c0000000, 0x0000000100000000)
  region size 1024K, 3 young (3072K), 3 survivors (3072K)
 Metaspace       used 70073K, committed 70912K, reserved 278528K
  class space    used 9927K, committed 10304K, reserved 212992K
}
Event: 28.699 GC heap before
{Heap before GC invocations=38 (full 0):
 garbage-first heap   total 158720K, used 106966K [0x00000000c0000000, 0x0000000100000000)
  region size 1024K, 19 young (19456K), 3 survivors (3072K)
 Metaspace       used 70381K, committed 71232K, reserved 278528K
  class space    used 9972K, committed 10368K, reserved 212992K
}
Event: 28.705 GC heap after
{Heap after GC invocations=39 (full 0):
 garbage-first heap   total 158720K, used 94252K [0x00000000c0000000, 0x0000000100000000)
  region size 1024K, 3 young (3072K), 3 survivors (3072K)
 Metaspace       used 70381K, committed 71232K, reserved 278528K
  class space    used 9972K, committed 10368K, reserved 212992K
}
Event: 28.806 GC heap before
{Heap before GC invocations=39 (full 0):
 garbage-first heap   total 158720K, used 97324K [0x00000000c0000000, 0x0000000100000000)
  region size 1024K, 7 young (7168K), 3 survivors (3072K)
 Metaspace       used 70681K, committed 71488K, reserved 278528K
  class space    used 10016K, committed 10432K, reserved 212992K
}
Event: 28.812 GC heap after
{Heap after GC invocations=40 (full 0):
 garbage-first heap   total 158720K, used 94402K [0x00000000c0000000, 0x0000000100000000)
  region size 1024K, 1 young (1024K), 1 survivors (1024K)
 Metaspace       used 70681K, committed 71488K, reserved 278528K
  class space    used 10016K, committed 10432K, reserved 212992K
}
Event: 28.904 GC heap before
{Heap before GC invocations=40 (full 0):
 garbage-first heap   total 158720K, used 99522K [0x00000000c0000000, 0x0000000100000000)
  region size 1024K, 8 young (8192K), 1 survivors (1024K)
 Metaspace       used 71094K, committed 71872K, reserved 278528K
  class space    used 10050K, committed 10432K, reserved 212992K
}
Event: 28.906 GC heap after
{Heap after GC invocations=41 (full 0):
 garbage-first heap   total 158720K, used 94871K [0x00000000c0000000, 0x0000000100000000)
  region size 1024K, 1 young (1024K), 1 survivors (1024K)
 Metaspace       used 71094K, committed 71872K, reserved 278528K
  class space    used 10050K, committed 10432K, reserved 212992K
}
Event: 29.356 GC heap before
{Heap before GC invocations=42 (full 0):
 garbage-first heap   total 178176K, used 118423K [0x00000000c0000000, 0x0000000100000000)
  region size 1024K, 24 young (24576K), 1 survivors (1024K)
 Metaspace       used 73113K, committed 73920K, reserved 278528K
  class space    used 10269K, committed 10688K, reserved 212992K
}
Event: 29.359 GC heap after
{Heap after GC invocations=43 (full 0):
 garbage-first heap   total 178176K, used 96823K [0x00000000c0000000, 0x0000000100000000)
  region size 1024K, 2 young (2048K), 2 survivors (2048K)
 Metaspace       used 73113K, committed 73920K, reserved 278528K
  class space    used 10269K, committed 10688K, reserved 212992K
}
Event: 29.468 GC heap before
{Heap before GC invocations=43 (full 0):
 garbage-first heap   total 178176K, used 102967K [0x00000000c0000000, 0x0000000100000000)
  region size 1024K, 8 young (8192K), 2 survivors (2048K)
 Metaspace       used 73741K, committed 74560K, reserved 278528K
  class space    used 10340K, committed 10752K, reserved 212992K
}
Event: 29.472 GC heap after
{Heap after GC invocations=44 (full 0):
 garbage-first heap   total 178176K, used 96655K [0x00000000c0000000, 0x0000000100000000)
  region size 1024K, 1 young (1024K), 1 survivors (1024K)
 Metaspace       used 73741K, committed 74560K, reserved 278528K
  class space    used 10340K, committed 10752K, reserved 212992K
}
Event: 30.183 GC heap before
{Heap before GC invocations=44 (full 0):
 garbage-first heap   total 178176K, used 130447K [0x00000000c0000000, 0x0000000100000000)
  region size 1024K, 34 young (34816K), 1 survivors (1024K)
 Metaspace       used 76413K, committed 77248K, reserved 344064K
  class space    used 10615K, committed 11008K, reserved 212992K
}
Event: 30.187 GC heap after
{Heap after GC invocations=45 (full 0):
 garbage-first heap   total 212992K, used 98303K [0x00000000c0000000, 0x0000000100000000)
  region size 1024K, 2 young (2048K), 2 survivors (2048K)
 Metaspace       used 76413K, committed 77248K, reserved 344064K
  class space    used 10615K, committed 11008K, reserved 212992K
}

