# JRE version: OpenJDK Runtime Environment Microsoft-13106358 (17.0.18+8) (build 17.0.18+8-LTS)
# Java VM: OpenJDK 64-Bit Server VM Microsoft-13106358 (17.0.18+8-LTS, mixed mode, sharing, tiered, compressed oops, compressed class ptrs, g1 gc, windows-amd64)
GC Precious Log:
 CPUs: 4 total, 4 available
 Memory: 7843M
 Large Page Support: Disabled
 NUMA Support: Disabled
 Compressed Oops: Enabled (32-bit)
 Heap Region Size: 1M
 Heap Min Capacity: 8M
 Heap Initial Capacity: 124M
 Heap Max Capacity: 1G
 Pre-touch: Disabled
 Parallel Workers: 4
 Concurrent Workers: 1
 Concurrent Refinement Workers: 4
 Periodic GC: Disabled
Heap:
 garbage-first heap   total 162816K, used 129298K [0x00000000c0000000, 0x0000000100000000)
  region size 1024K, 12 young (12288K), 3 survivors (3072K)
 Metaspace       used 95964K, committed 96960K, reserved 344064K
  class space    used 13443K, committed 13888K, reserved 212992K
GC Heap History (20 events):
Event: 24.377 GC heap before
{Heap before GC invocations=43 (full 0):
 garbage-first heap   total 162816K, used 133589K [0x00000000c0000000, 0x0000000100000000)
  region size 1024K, 29 young (29696K), 2 survivors (2048K)
 Metaspace       used 83163K, committed 84032K, reserved 344064K
  class space    used 11489K, committed 11904K, reserved 212992K
}
Event: 24.381 GC heap after
{Heap after GC invocations=44 (full 0):
 garbage-first heap   total 162816K, used 106847K [0x00000000c0000000, 0x0000000100000000)
  region size 1024K, 3 young (3072K), 3 survivors (3072K)
 Metaspace       used 83163K, committed 84032K, reserved 344064K
  class space    used 11489K, committed 11904K, reserved 212992K
}
Event: 24.918 GC heap before
{Heap before GC invocations=44 (full 0):
 garbage-first heap   total 162816K, used 137567K [0x00000000c0000000, 0x0000000100000000)
  region size 1024K, 30 young (30720K), 3 survivors (3072K)
 Metaspace       used 84953K, committed 85888K, reserved 344064K
  class space    used 11729K, committed 12160K, reserved 212992K
}
Event: 24.924 GC heap after
{Heap after GC invocations=45 (full 0):
 garbage-first heap   total 162816K, used 110929K [0x00000000c0000000, 0x0000000100000000)
  region size 1024K, 3 young (3072K), 3 survivors (3072K)
 Metaspace       used 84953K, committed 85888K, reserved 344064K
  class space    used 11729K, committed 12160K, reserved 212992K
}
Event: 25.474 GC heap before
{Heap before GC invocations=45 (full 0):
 garbage-first heap   total 162816K, used 135505K [0x00000000c0000000, 0x0000000100000000)
  region size 1024K, 28 young (28672K), 3 survivors (3072K)
 Metaspace       used 86261K, committed 87104K, reserved 344064K
  class space    used 11949K, committed 12352K, reserved 212992K
}
Event: 25.479 GC heap after
{Heap after GC invocations=46 (full 0):
 garbage-first heap   total 162816K, used 113241K [0x00000000c0000000, 0x0000000100000000)
  region size 1024K, 4 young (4096K), 4 survivors (4096K)
 Metaspace       used 86261K, committed 87104K, reserved 344064K
  class space    used 11949K, committed 12352K, reserved 212992K
}
Event: 25.753 GC heap before
{Heap before GC invocations=46 (full 0):
 garbage-first heap   total 162816K, used 137817K [0x00000000c0000000, 0x0000000100000000)
  region size 1024K, 28 young (28672K), 4 survivors (4096K)
 Metaspace       used 86343K, committed 87168K, reserved 344064K
  class space    used 11957K, committed 12352K, reserved 212992K
}
Event: 25.761 GC heap after
{Heap after GC invocations=47 (full 0):
 garbage-first heap   total 162816K, used 115014K [0x00000000c0000000, 0x0000000100000000)
  region size 1024K, 4 young (4096K), 4 survivors (4096K)
 Metaspace       used 86343K, committed 87168K, reserved 344064K
  class space    used 11957K, committed 12352K, reserved 212992K
}
Event: 26.224 GC heap before
{Heap before GC invocations=47 (full 0):
 garbage-first heap   total 162816K, used 137542K [0x00000000c0000000, 0x0000000100000000)
  region size 1024K, 27 young (27648K), 4 survivors (4096K)
 Metaspace       used 87760K, committed 88704K, reserved 344064K
  class space    used 12132K, committed 12544K, reserved 212992K
}
Event: 26.231 GC heap after
{Heap after GC invocations=48 (full 0):
 garbage-first heap   total 162816K, used 116527K [0x00000000c0000000, 0x0000000100000000)
  region size 1024K, 4 young (4096K), 4 survivors (4096K)
 Metaspace       used 87760K, committed 88704K, reserved 344064K
  class space    used 12132K, committed 12544K, reserved 212992K
}
Event: 26.579 GC heap before
{Heap before GC invocations=48 (full 0):
 garbage-first heap   total 162816K, used 139055K [0x00000000c0000000, 0x0000000100000000)
  region size 1024K, 26 young (26624K), 4 survivors (4096K)
 Metaspace       used 89351K, committed 90304K, reserved 344064K
  class space    used 12364K, committed 12800K, reserved 212992K
}
Event: 26.585 GC heap after
{Heap after GC invocations=49 (full 0):
 garbage-first heap   total 162816K, used 117429K [0x00000000c0000000, 0x0000000100000000)
  region size 1024K, 3 young (3072K), 3 survivors (3072K)
 Metaspace       used 89351K, committed 90304K, reserved 344064K
  class space    used 12364K, committed 12800K, reserved 212992K
}
Event: 26.984 GC heap before
{Heap before GC invocations=49 (full 0):
 garbage-first heap   total 162816K, used 139957K [0x00000000c0000000, 0x0000000100000000)
  region size 1024K, 25 young (25600K), 3 survivors (3072K)
 Metaspace       used 90830K, committed 91712K, reserved 344064K
  class space    used 12592K, committed 12992K, reserved 212992K
}
Event: 26.991 GC heap after
{Heap after GC invocations=50 (full 0):
 garbage-first heap   total 162816K, used 118178K [0x00000000c0000000, 0x0000000100000000)
  region size 1024K, 2 young (2048K), 2 survivors (2048K)
 Metaspace       used 90830K, committed 91712K, reserved 344064K
  class space    used 12592K, committed 12992K, reserved 212992K
}
Event: 27.453 GC heap before
{Heap before GC invocations=50 (full 0):
 garbage-first heap   total 162816K, used 140706K [0x00000000c0000000, 0x0000000100000000)
  region size 1024K, 24 young (24576K), 2 survivors (2048K)
 Metaspace       used 92443K, committed 93376K, reserved 344064K
  class space    used 12936K, committed 13376K, reserved 212992K
}
Event: 27.457 GC heap after
{Heap after GC invocations=51 (full 0):
 garbage-first heap   total 162816K, used 118933K [0x00000000c0000000, 0x0000000100000000)
  region size 1024K, 3 young (3072K), 3 survivors (3072K)
 Metaspace       used 92443K, committed 93376K, reserved 344064K
  class space    used 12936K, committed 13376K, reserved 212992K
}
Event: 27.885 GC heap before
{Heap before GC invocations=51 (full 0):
 garbage-first heap   total 162816K, used 140437K [0x00000000c0000000, 0x0000000100000000)
  region size 1024K, 25 young (25600K), 3 survivors (3072K)
 Metaspace       used 94038K, committed 94976K, reserved 344064K
  class space    used 13169K, committed 13632K, reserved 212992K
}
Event: 27.891 GC heap after
{Heap after GC invocations=52 (full 0):
 garbage-first heap   total 162816K, used 119899K [0x00000000c0000000, 0x0000000100000000)
  region size 1024K, 3 young (3072K), 3 survivors (3072K)
 Metaspace       used 94038K, committed 94976K, reserved 344064K
  class space    used 13169K, committed 13632K, reserved 212992K
}
Event: 28.267 GC heap before
{Heap before GC invocations=52 (full 0):
 garbage-first heap   total 162816K, used 141403K [0x00000000c0000000, 0x0000000100000000)
  region size 1024K, 24 young (24576K), 3 survivors (3072K)
 Metaspace       used 95346K, committed 96320K, reserved 344064K
  class space    used 13361K, committed 13824K, reserved 212992K
}
Event: 28.274 GC heap after
{Heap after GC invocations=53 (full 0):
 garbage-first heap   total 162816K, used 121106K [0x00000000c0000000, 0x0000000100000000)
  region size 1024K, 3 young (3072K), 3 survivors (3072K)
 Metaspace       used 95346K, committed 96320K, reserved 344064K
  class space    used 13361K, committed 13824K, reserved 212992K
}

