# JRE version: OpenJDK Runtime Environment Microsoft-13106358 (17.0.18+8) (build 17.0.18+8-LTS)
# Java VM: OpenJDK 64-Bit Server VM Microsoft-13106358 (17.0.18+8-LTS, mixed mode, sharing, tiered, compressed oops, compressed class ptrs, g1 gc, windows-amd64)
GC Precious Log:
 CPUs: 4 total, 4 available
 Memory: 7843M
 Large Page Support: Disabled
 NUMA Support: Disabled
 Compressed Oops: Enabled (32-bit)
 Heap Region Size: 1M
 Heap Min Capacity: 8M
 Heap Initial Capacity: 124M
 Heap Max Capacity: 1962M
 Pre-touch: Disabled
 Parallel Workers: 4
 Concurrent Workers: 1
 Concurrent Refinement Workers: 4
 Periodic GC: Disabled
Heap:
 garbage-first heap   total 178176K, used 118288K [0x0000000085600000, 0x0000000100000000)
  region size 1024K, 41 young (41984K), 6 survivors (6144K)
 Metaspace       used 61842K, committed 62144K, reserved 1114112K
  class space    used 6902K, committed 7040K, reserved 1048576K
GC Heap History (20 events):
Event: 31.490 GC heap before
{Heap before GC invocations=15 (full 0):
 garbage-first heap   total 55296K, used 31028K [0x0000000085600000, 0x0000000100000000)
  region size 1024K, 3 young (3072K), 2 survivors (2048K)
 Metaspace       used 45689K, committed 45952K, reserved 1114112K
  class space    used 5566K, committed 5696K, reserved 1048576K
}
Event: 31.501 GC heap after
{Heap after GC invocations=16 (full 0):
 garbage-first heap   total 55296K, used 29805K [0x0000000085600000, 0x0000000100000000)
  region size 1024K, 1 young (1024K), 1 survivors (1024K)
 Metaspace       used 45689K, committed 45952K, reserved 1114112K
  class space    used 5566K, committed 5696K, reserved 1048576K
}
Event: 33.928 GC heap before
{Heap before GC invocations=16 (full 0):
 garbage-first heap   total 55296K, used 43117K [0x0000000085600000, 0x0000000100000000)
  region size 1024K, 14 young (14336K), 1 survivors (1024K)
 Metaspace       used 46732K, committed 46976K, reserved 1114112K
  class space    used 5651K, committed 5760K, reserved 1048576K
}
Event: 33.942 GC heap after
{Heap after GC invocations=17 (full 0):
 garbage-first heap   total 55296K, used 33745K [0x0000000085600000, 0x0000000100000000)
  region size 1024K, 2 young (2048K), 2 survivors (2048K)
 Metaspace       used 46732K, committed 46976K, reserved 1114112K
  class space    used 5651K, committed 5760K, reserved 1048576K
}
Event: 34.116 GC heap before
{Heap before GC invocations=18 (full 0):
 garbage-first heap   total 68608K, used 43985K [0x0000000085600000, 0x0000000100000000)
  region size 1024K, 11 young (11264K), 2 survivors (2048K)
 Metaspace       used 46751K, committed 46976K, reserved 1114112K
  class space    used 5652K, committed 5760K, reserved 1048576K
}
Event: 34.131 GC heap after
{Heap after GC invocations=19 (full 0):
 garbage-first heap   total 68608K, used 38466K [0x0000000085600000, 0x0000000100000000)
  region size 1024K, 2 young (2048K), 2 survivors (2048K)
 Metaspace       used 46751K, committed 46976K, reserved 1114112K
  class space    used 5652K, committed 5760K, reserved 1048576K
}
Event: 34.745 GC heap before
{Heap before GC invocations=19 (full 0):
 garbage-first heap   total 68608K, used 50754K [0x0000000085600000, 0x0000000100000000)
  region size 1024K, 14 young (14336K), 2 survivors (2048K)
 Metaspace       used 47053K, committed 47232K, reserved 1114112K
  class space    used 5672K, committed 5760K, reserved 1048576K
}
Event: 34.756 GC heap after
{Heap after GC invocations=20 (full 0):
 garbage-first heap   total 68608K, used 42585K [0x0000000085600000, 0x0000000100000000)
  region size 1024K, 2 young (2048K), 2 survivors (2048K)
 Metaspace       used 47053K, committed 47232K, reserved 1114112K
  class space    used 5672K, committed 5760K, reserved 1048576K
}
Event: 35.157 GC heap before
{Heap before GC invocations=20 (full 0):
 garbage-first heap   total 68608K, used 50777K [0x0000000085600000, 0x0000000100000000)
  region size 1024K, 11 young (11264K), 2 survivors (2048K)
 Metaspace       used 47179K, committed 47424K, reserved 1114112K
  class space    used 5680K, committed 5824K, reserved 1048576K
}
Event: 35.168 GC heap after
{Heap after GC invocations=21 (full 0):
 garbage-first heap   total 68608K, used 46073K [0x0000000085600000, 0x0000000100000000)
  region size 1024K, 2 young (2048K), 2 survivors (2048K)
 Metaspace       used 47179K, committed 47424K, reserved 1114112K
  class space    used 5680K, committed 5824K, reserved 1048576K
}
Event: 36.039 GC heap before
{Heap before GC invocations=22 (full 0):
 garbage-first heap   total 80896K, used 54265K [0x0000000085600000, 0x0000000100000000)
  region size 1024K, 10 young (10240K), 2 survivors (2048K)
 Metaspace       used 47518K, committed 47808K, reserved 1114112K
  class space    used 5692K, committed 5824K, reserved 1048576K
}
Event: 36.053 GC heap after
{Heap after GC invocations=23 (full 0):
 garbage-first heap   total 80896K, used 49079K [0x0000000085600000, 0x0000000100000000)
  region size 1024K, 2 young (2048K), 2 survivors (2048K)
 Metaspace       used 47518K, committed 47808K, reserved 1114112K
  class space    used 5692K, committed 5824K, reserved 1048576K
}
Event: 38.097 GC heap before
{Heap before GC invocations=23 (full 0):
 garbage-first heap   total 80896K, used 60343K [0x0000000085600000, 0x0000000100000000)
  region size 1024K, 14 young (14336K), 2 survivors (2048K)
 Metaspace       used 49013K, committed 49280K, reserved 1114112K
  class space    used 5877K, committed 6016K, reserved 1048576K
}
Event: 38.116 GC heap after
{Heap after GC invocations=24 (full 0):
 garbage-first heap   total 220160K, used 51746K [0x0000000085600000, 0x0000000100000000)
  region size 1024K, 2 young (2048K), 2 survivors (2048K)
 Metaspace       used 49013K, committed 49280K, reserved 1114112K
  class space    used 5877K, committed 6016K, reserved 1048576K
}
Event: 52.686 GC heap before
{Heap before GC invocations=25 (full 0):
 garbage-first heap   total 178176K, used 136738K [0x0000000085600000, 0x0000000100000000)
  region size 1024K, 85 young (87040K), 2 survivors (2048K)
 Metaspace       used 56041K, committed 56320K, reserved 1114112K
  class space    used 6511K, committed 6656K, reserved 1048576K
}
Event: 52.717 GC heap after
{Heap after GC invocations=26 (full 0):
 garbage-first heap   total 178176K, used 66928K [0x0000000085600000, 0x0000000100000000)
  region size 1024K, 11 young (11264K), 11 survivors (11264K)
 Metaspace       used 56041K, committed 56320K, reserved 1114112K
  class space    used 6511K, committed 6656K, reserved 1048576K
}
Event: 61.052 GC heap before
{Heap before GC invocations=26 (full 0):
 garbage-first heap   total 178176K, used 121200K [0x0000000085600000, 0x0000000100000000)
  region size 1024K, 64 young (65536K), 11 survivors (11264K)
 Metaspace       used 57208K, committed 57536K, reserved 1114112K
  class space    used 6578K, committed 6720K, reserved 1048576K
}
Event: 61.083 GC heap after
{Heap after GC invocations=27 (full 0):
 garbage-first heap   total 178176K, used 76266K [0x0000000085600000, 0x0000000100000000)
  region size 1024K, 8 young (8192K), 8 survivors (8192K)
 Metaspace       used 57208K, committed 57536K, reserved 1114112K
  class space    used 6578K, committed 6720K, reserved 1048576K
}
Event: 67.233 GC heap before
{Heap before GC invocations=27 (full 0):
 garbage-first heap   total 178176K, used 126442K [0x0000000085600000, 0x0000000100000000)
  region size 1024K, 57 young (58368K), 8 survivors (8192K)
 Metaspace       used 57966K, committed 58240K, reserved 1114112K
  class space    used 6609K, committed 6720K, reserved 1048576K
}
Event: 67.257 GC heap after
{Heap after GC invocations=28 (full 0):
 garbage-first heap   total 178176K, used 83472K [0x0000000085600000, 0x0000000100000000)
  region size 1024K, 6 young (6144K), 6 survivors (6144K)
 Metaspace       used 57966K, committed 58240K, reserved 1114112K
  class space    used 6609K, committed 6720K, reserved 1048576K
}

