# JRE version: OpenJDK Runtime Environment Microsoft-13106358 (17.0.18+8) (build 17.0.18+8-LTS)
# Java VM: OpenJDK 64-Bit Server VM Microsoft-13106358 (17.0.18+8-LTS, mixed mode, sharing, tiered, compressed oops, compressed class ptrs, g1 gc, windows-amd64)
GC Precious Log:
 CPUs: 4 total, 4 available
 Memory: 7843M
 Large Page Support: Disabled
 NUMA Support: Disabled
 Compressed Oops: Enabled (32-bit)
 Heap Region Size: 1M
 Heap Min Capacity: 8M
 Heap Initial Capacity: 124M
 Heap Max Capacity: 1G
 Pre-touch: Disabled
 Parallel Workers: 4
 Concurrent Workers: 1
 Concurrent Refinement Workers: 4
 Periodic GC: Disabled
Heap:
 garbage-first heap   total 206848K, used 171876K [0x00000000c0000000, 0x0000000100000000)
  region size 1024K, 22 young (22528K), 4 survivors (4096K)
 Metaspace       used 106107K, committed 107136K, reserved 344064K
  class space    used 14808K, committed 15296K, reserved 212992K
GC Heap History (20 events):
Event: 47.263 GC heap before
{Heap before GC invocations=49 (full 0):
 garbage-first heap   total 177152K, used 146221K [0x00000000c0000000, 0x0000000100000000)
  region size 1024K, 39 young (39936K), 3 survivors (3072K)
 Metaspace       used 91979K, committed 92928K, reserved 344064K
  class space    used 12664K, committed 13120K, reserved 212992K
}
Event: 47.270 GC heap after
{Heap after GC invocations=50 (full 0):
 garbage-first heap   total 177152K, used 110523K [0x00000000c0000000, 0x0000000100000000)
  region size 1024K, 4 young (4096K), 4 survivors (4096K)
 Metaspace       used 91979K, committed 92928K, reserved 344064K
  class space    used 12664K, committed 13120K, reserved 212992K
}
Event: 49.054 GC heap before
{Heap before GC invocations=50 (full 0):
 garbage-first heap   total 177152K, used 151483K [0x00000000c0000000, 0x0000000100000000)
  region size 1024K, 41 young (41984K), 4 survivors (4096K)
 Metaspace       used 94063K, committed 94976K, reserved 344064K
  class space    used 12977K, committed 13440K, reserved 212992K
}
Event: 49.063 GC heap after
{Heap after GC invocations=51 (full 0):
 garbage-first heap   total 177152K, used 116569K [0x00000000c0000000, 0x0000000100000000)
  region size 1024K, 5 young (5120K), 5 survivors (5120K)
 Metaspace       used 94063K, committed 94976K, reserved 344064K
  class space    used 12977K, committed 13440K, reserved 212992K
}
Event: 49.686 GC heap before
{Heap before GC invocations=51 (full 0):
 garbage-first heap   total 177152K, used 149337K [0x00000000c0000000, 0x0000000100000000)
  region size 1024K, 37 young (37888K), 5 survivors (5120K)
 Metaspace       used 94273K, committed 95168K, reserved 344064K
  class space    used 13011K, committed 13440K, reserved 212992K
}
Event: 49.697 GC heap after
{Heap after GC invocations=52 (full 0):
 garbage-first heap   total 177152K, used 119255K [0x00000000c0000000, 0x0000000100000000)
  region size 1024K, 3 young (3072K), 3 survivors (3072K)
 Metaspace       used 94273K, committed 95168K, reserved 344064K
  class space    used 13011K, committed 13440K, reserved 212992K
}
Event: 51.429 GC heap before
{Heap before GC invocations=53 (full 0):
 garbage-first heap   total 206848K, used 146903K [0x00000000c0000000, 0x0000000100000000)
  region size 1024K, 30 young (30720K), 3 survivors (3072K)
 Metaspace       used 96226K, committed 97152K, reserved 344064K
  class space    used 13269K, committed 13696K, reserved 212992K
}
Event: 51.437 GC heap after
{Heap after GC invocations=54 (full 0):
 garbage-first heap   total 206848K, used 120656K [0x00000000c0000000, 0x0000000100000000)
  region size 1024K, 2 young (2048K), 2 survivors (2048K)
 Metaspace       used 96226K, committed 97152K, reserved 344064K
  class space    used 13269K, committed 13696K, reserved 212992K
}
Event: 52.019 GC heap before
{Heap before GC invocations=54 (full 0):
 garbage-first heap   total 206848K, used 128848K [0x00000000c0000000, 0x0000000100000000)
  region size 1024K, 10 young (10240K), 2 survivors (2048K)
 Metaspace       used 96767K, committed 97728K, reserved 344064K
  class space    used 13349K, committed 13760K, reserved 212992K
}
Event: 52.026 GC heap after
{Heap after GC invocations=55 (full 0):
 garbage-first heap   total 206848K, used 120234K [0x00000000c0000000, 0x0000000100000000)
  region size 1024K, 1 young (1024K), 1 survivors (1024K)
 Metaspace       used 96767K, committed 97728K, reserved 344064K
  class space    used 13349K, committed 13760K, reserved 212992K
}
Event: 53.834 GC heap before
{Heap before GC invocations=55 (full 0):
 garbage-first heap   total 206848K, used 171434K [0x00000000c0000000, 0x0000000100000000)
  region size 1024K, 50 young (51200K), 1 survivors (1024K)
 Metaspace       used 100275K, committed 101184K, reserved 344064K
  class space    used 13982K, committed 14400K, reserved 212992K
}
Event: 53.841 GC heap after
{Heap after GC invocations=56 (full 0):
 garbage-first heap   total 206848K, used 121546K [0x00000000c0000000, 0x0000000100000000)
  region size 1024K, 2 young (2048K), 2 survivors (2048K)
 Metaspace       used 100275K, committed 101184K, reserved 344064K
  class space    used 13982K, committed 14400K, reserved 212992K
}
Event: 55.232 GC heap before
{Heap before GC invocations=56 (full 0):
 garbage-first heap   total 206848K, used 171722K [0x00000000c0000000, 0x0000000100000000)
  region size 1024K, 51 young (52224K), 2 survivors (2048K)
 Metaspace       used 103601K, committed 104576K, reserved 344064K
  class space    used 14463K, committed 14912K, reserved 212992K
}
Event: 55.240 GC heap after
{Heap after GC invocations=57 (full 0):
 garbage-first heap   total 206848K, used 124025K [0x00000000c0000000, 0x0000000100000000)
  region size 1024K, 5 young (5120K), 5 survivors (5120K)
 Metaspace       used 103601K, committed 104576K, reserved 344064K
  class space    used 14463K, committed 14912K, reserved 212992K
}
Event: 56.395 GC heap before
{Heap before GC invocations=57 (full 0):
 garbage-first heap   total 206848K, used 172153K [0x00000000c0000000, 0x0000000100000000)
  region size 1024K, 53 young (54272K), 5 survivors (5120K)
 Metaspace       used 104185K, committed 105216K, reserved 344064K
  class space    used 14513K, committed 14976K, reserved 212992K
}
Event: 56.410 GC heap after
{Heap after GC invocations=58 (full 0):
 garbage-first heap   total 206848K, used 129237K [0x00000000c0000000, 0x0000000100000000)
  region size 1024K, 7 young (7168K), 7 survivors (7168K)
 Metaspace       used 104185K, committed 105216K, reserved 344064K
  class space    used 14513K, committed 14976K, reserved 212992K
}
Event: 57.352 GC heap before
{Heap before GC invocations=58 (full 0):
 garbage-first heap   total 206848K, used 183509K [0x00000000c0000000, 0x0000000100000000)
  region size 1024K, 50 young (51200K), 7 survivors (7168K)
 Metaspace       used 105251K, committed 106304K, reserved 344064K
  class space    used 14667K, committed 15168K, reserved 212992K
}
Event: 57.370 GC heap after
{Heap after GC invocations=59 (full 0):
 garbage-first heap   total 206848K, used 150939K [0x00000000c0000000, 0x0000000100000000)
  region size 1024K, 7 young (7168K), 7 survivors (7168K)
 Metaspace       used 105251K, committed 106304K, reserved 344064K
  class space    used 14667K, committed 15168K, reserved 212992K
}
Event: 58.073 GC heap before
{Heap before GC invocations=59 (full 0):
 garbage-first heap   total 206848K, used 175515K [0x00000000c0000000, 0x0000000100000000)
  region size 1024K, 31 young (31744K), 7 survivors (7168K)
 Metaspace       used 106039K, committed 107072K, reserved 344064K
  class space    used 14805K, committed 15296K, reserved 212992K
}
Event: 58.086 GC heap after
{Heap after GC invocations=60 (full 0):
 garbage-first heap   total 206848K, used 155492K [0x00000000c0000000, 0x0000000100000000)
  region size 1024K, 4 young (4096K), 4 survivors (4096K)
 Metaspace       used 106039K, committed 107072K, reserved 344064K
  class space    used 14805K, committed 15296K, reserved 212992K
}

