# JRE version: OpenJDK Runtime Environment Microsoft-13106358 (17.0.18+8) (build 17.0.18+8-LTS)
# Java VM: OpenJDK 64-Bit Server VM Microsoft-13106358 (17.0.18+8-LTS, mixed mode, sharing, tiered, compressed oops, compressed class ptrs, g1 gc, windows-amd64)
GC Precious Log:
 CPUs: 4 total, 4 available
 Memory: 7843M
 Large Page Support: Disabled
 NUMA Support: Disabled
 Compressed Oops: Enabled (32-bit)
 Heap Region Size: 1M
 Heap Min Capacity: 8M
 Heap Initial Capacity: 124M
 Heap Max Capacity: 1G
 Pre-touch: Disabled
 Parallel Workers: 4
 Concurrent Workers: 1
 Concurrent Refinement Workers: 4
 Periodic GC: Disabled
Heap:
 garbage-first heap   total 194560K, used 125737K [0x00000000c0000000, 0x0000000100000000)
  region size 1024K, 15 young (15360K), 3 survivors (3072K)
 Metaspace       used 89131K, committed 90048K, reserved 344064K
  class space    used 12353K, committed 12800K, reserved 212992K
GC Heap History (20 events):
Event: 24.555 GC heap before
{Heap before GC invocations=38 (full 0):
 garbage-first heap   total 137216K, used 119580K [0x00000000c0000000, 0x0000000100000000)
  region size 1024K, 34 young (34816K), 3 survivors (3072K)
 Metaspace       used 71206K, committed 72064K, reserved 278528K
  class space    used 10071K, committed 10496K, reserved 212992K
}
Event: 24.562 GC heap after
{Heap after GC invocations=39 (full 0):
 garbage-first heap   total 137216K, used 95317K [0x00000000c0000000, 0x0000000100000000)
  region size 1024K, 5 young (5120K), 5 survivors (5120K)
 Metaspace       used 71206K, committed 72064K, reserved 278528K
  class space    used 10071K, committed 10496K, reserved 212992K
}
Event: 24.581 GC heap before
{Heap before GC invocations=39 (full 0):
 garbage-first heap   total 137216K, used 96341K [0x00000000c0000000, 0x0000000100000000)
  region size 1024K, 6 young (6144K), 5 survivors (5120K)
 Metaspace       used 71256K, committed 72128K, reserved 278528K
  class space    used 10081K, committed 10496K, reserved 212992K
}
Event: 24.585 GC heap after
{Heap after GC invocations=40 (full 0):
 garbage-first heap   total 137216K, used 95410K [0x00000000c0000000, 0x0000000100000000)
  region size 1024K, 1 young (1024K), 1 survivors (1024K)
 Metaspace       used 71256K, committed 72128K, reserved 278528K
  class space    used 10081K, committed 10496K, reserved 212992K
}
Event: 24.886 GC heap before
{Heap before GC invocations=40 (full 0):
 garbage-first heap   total 137216K, used 114866K [0x00000000c0000000, 0x0000000100000000)
  region size 1024K, 21 young (21504K), 1 survivors (1024K)
 Metaspace       used 73065K, committed 73920K, reserved 278528K
  class space    used 10266K, committed 10688K, reserved 212992K
}
Event: 24.889 GC heap after
{Heap after GC invocations=41 (full 0):
 garbage-first heap   total 137216K, used 95779K [0x00000000c0000000, 0x0000000100000000)
  region size 1024K, 1 young (1024K), 1 survivors (1024K)
 Metaspace       used 73065K, committed 73920K, reserved 278528K
  class space    used 10266K, committed 10688K, reserved 212992K
}
Event: 25.162 GC heap before
{Heap before GC invocations=42 (full 0):
 garbage-first heap   total 183296K, used 116259K [0x00000000c0000000, 0x0000000100000000)
  region size 1024K, 22 young (22528K), 1 survivors (1024K)
 Metaspace       used 75220K, committed 76096K, reserved 344064K
  class space    used 10487K, committed 10880K, reserved 212992K
}
Event: 25.165 GC heap after
{Heap after GC invocations=43 (full 0):
 garbage-first heap   total 183296K, used 96188K [0x00000000c0000000, 0x0000000100000000)
  region size 1024K, 2 young (2048K), 2 survivors (2048K)
 Metaspace       used 75220K, committed 76096K, reserved 344064K
  class space    used 10487K, committed 10880K, reserved 212992K
}
Event: 25.670 GC heap before
{Heap before GC invocations=43 (full 0):
 garbage-first heap   total 183296K, used 121788K [0x00000000c0000000, 0x0000000100000000)
  region size 1024K, 28 young (28672K), 2 survivors (2048K)
 Metaspace       used 77805K, committed 78720K, reserved 344064K
  class space    used 10775K, committed 11200K, reserved 212992K
}
Event: 25.675 GC heap after
{Heap after GC invocations=44 (full 0):
 garbage-first heap   total 183296K, used 99068K [0x00000000c0000000, 0x0000000100000000)
  region size 1024K, 4 young (4096K), 4 survivors (4096K)
 Metaspace       used 77805K, committed 78720K, reserved 344064K
  class space    used 10775K, committed 11200K, reserved 212992K
}
Event: 26.396 GC heap before
{Heap before GC invocations=45 (full 0):
 garbage-first heap   total 193536K, used 150268K [0x00000000c0000000, 0x0000000100000000)
  region size 1024K, 49 young (50176K), 4 survivors (4096K)
 Metaspace       used 80347K, committed 81216K, reserved 344064K
  class space    used 11120K, committed 11520K, reserved 212992K
}
Event: 26.407 GC heap after
{Heap after GC invocations=46 (full 0):
 garbage-first heap   total 193536K, used 103842K [0x00000000c0000000, 0x0000000100000000)
  region size 1024K, 7 young (7168K), 7 survivors (7168K)
 Metaspace       used 80347K, committed 81216K, reserved 344064K
  class space    used 11120K, committed 11520K, reserved 212992K
}
Event: 27.237 GC heap before
{Heap before GC invocations=46 (full 0):
 garbage-first heap   total 193536K, used 151970K [0x00000000c0000000, 0x0000000100000000)
  region size 1024K, 54 young (55296K), 7 survivors (7168K)
 Metaspace       used 83828K, committed 84736K, reserved 344064K
  class space    used 11589K, committed 12032K, reserved 212992K
}
Event: 27.245 GC heap after
{Heap after GC invocations=47 (full 0):
 garbage-first heap   total 193536K, used 106422K [0x00000000c0000000, 0x0000000100000000)
  region size 1024K, 3 young (3072K), 3 survivors (3072K)
 Metaspace       used 83828K, committed 84736K, reserved 344064K
  class space    used 11589K, committed 12032K, reserved 212992K
}
Event: 28.000 GC heap before
{Heap before GC invocations=48 (full 0):
 garbage-first heap   total 194560K, used 157622K [0x00000000c0000000, 0x0000000100000000)
  region size 1024K, 50 young (51200K), 3 survivors (3072K)
 Metaspace       used 86118K, committed 87040K, reserved 344064K
  class space    used 11944K, committed 12352K, reserved 212992K
}
Event: 28.007 GC heap after
{Heap after GC invocations=49 (full 0):
 garbage-first heap   total 194560K, used 111997K [0x00000000c0000000, 0x0000000100000000)
  region size 1024K, 5 young (5120K), 5 survivors (5120K)
 Metaspace       used 86118K, committed 87040K, reserved 344064K
  class space    used 11944K, committed 12352K, reserved 212992K
}
Event: 28.037 GC heap before
{Heap before GC invocations=49 (full 0):
 garbage-first heap   total 194560K, used 116093K [0x00000000c0000000, 0x0000000100000000)
  region size 1024K, 9 young (9216K), 5 survivors (5120K)
 Metaspace       used 86118K, committed 87040K, reserved 344064K
  class space    used 11944K, committed 12352K, reserved 212992K
}
Event: 28.046 GC heap after
{Heap after GC invocations=50 (full 0):
 garbage-first heap   total 194560K, used 112305K [0x00000000c0000000, 0x0000000100000000)
  region size 1024K, 1 young (1024K), 1 survivors (1024K)
 Metaspace       used 86118K, committed 87040K, reserved 344064K
  class space    used 11944K, committed 12352K, reserved 212992K
}
Event: 28.652 GC heap before
{Heap before GC invocations=50 (full 0):
 garbage-first heap   total 194560K, used 159409K [0x00000000c0000000, 0x0000000100000000)
  region size 1024K, 47 young (48128K), 1 survivors (1024K)
 Metaspace       used 88274K, committed 89152K, reserved 344064K
  class space    used 12225K, committed 12672K, reserved 212992K
}
Event: 28.658 GC heap after
{Heap after GC invocations=51 (full 0):
 garbage-first heap   total 194560K, used 114473K [0x00000000c0000000, 0x0000000100000000)
  region size 1024K, 3 young (3072K), 3 survivors (3072K)
 Metaspace       used 88274K, committed 89152K, reserved 344064K
  class space    used 12225K, committed 12672K, reserved 212992K
}

