# JRE version: OpenJDK Runtime Environment Microsoft-13106358 (17.0.18+8) (build 17.0.18+8-LTS)
# Java VM: OpenJDK 64-Bit Server VM Microsoft-13106358 (17.0.18+8-LTS, mixed mode, sharing, tiered, compressed oops, compressed class ptrs, g1 gc, windows-amd64)
GC Precious Log:
 CPUs: 4 total, 4 available
 Memory: 7843M
 Large Page Support: Disabled
 NUMA Support: Disabled
 Compressed Oops: Enabled (32-bit)
 Heap Region Size: 1M
 Heap Min Capacity: 8M
 Heap Initial Capacity: 124M
 Heap Max Capacity: 1G
 Pre-touch: Disabled
 Parallel Workers: 4
 Concurrent Workers: 1
 Concurrent Refinement Workers: 4
 Periodic GC: Disabled
Heap:
 garbage-first heap   total 266240K, used 183379K [0x00000000c0000000, 0x0000000100000000)
  region size 1024K, 24 young (24576K), 7 survivors (7168K)
 Metaspace       used 110004K, committed 111104K, reserved 344064K
  class space    used 15280K, committed 15808K, reserved 212992K
GC Heap History (20 events):
Event: 37.260 GC heap before
{Heap before GC invocations=50 (full 0):
 garbage-first heap   total 193536K, used 160995K [0x00000000c0000000, 0x0000000100000000)
  region size 1024K, 49 young (50176K), 6 survivors (6144K)
 Metaspace       used 93001K, committed 93952K, reserved 344064K
  class space    used 12824K, committed 13248K, reserved 212992K
}
Event: 37.270 GC heap after
{Heap after GC invocations=51 (full 0):
 garbage-first heap   total 193536K, used 117576K [0x00000000c0000000, 0x0000000100000000)
  region size 1024K, 6 young (6144K), 6 survivors (6144K)
 Metaspace       used 93001K, committed 93952K, reserved 344064K
  class space    used 12824K, committed 13248K, reserved 212992K
}
Event: 38.162 GC heap before
{Heap before GC invocations=51 (full 0):
 garbage-first heap   total 193536K, used 161608K [0x00000000c0000000, 0x0000000100000000)
  region size 1024K, 49 young (50176K), 6 survivors (6144K)
 Metaspace       used 96150K, committed 97152K, reserved 344064K
  class space    used 13442K, committed 13888K, reserved 212992K
}
Event: 38.171 GC heap after
{Heap after GC invocations=52 (full 0):
 garbage-first heap   total 193536K, used 119473K [0x00000000c0000000, 0x0000000100000000)
  region size 1024K, 4 young (4096K), 4 survivors (4096K)
 Metaspace       used 96150K, committed 97152K, reserved 344064K
  class space    used 13442K, committed 13888K, reserved 212992K
}
Event: 38.959 GC heap before
{Heap before GC invocations=52 (full 0):
 garbage-first heap   total 193536K, used 162481K [0x00000000c0000000, 0x0000000100000000)
  region size 1024K, 46 young (47104K), 4 survivors (4096K)
 Metaspace       used 98821K, committed 99840K, reserved 344064K
  class space    used 13815K, committed 14272K, reserved 212992K
}
Event: 38.969 GC heap after
{Heap after GC invocations=53 (full 0):
 garbage-first heap   total 193536K, used 121733K [0x00000000c0000000, 0x0000000100000000)
  region size 1024K, 4 young (4096K), 4 survivors (4096K)
 Metaspace       used 98821K, committed 99840K, reserved 344064K
  class space    used 13815K, committed 14272K, reserved 212992K
}
Event: 39.662 GC heap before
{Heap before GC invocations=53 (full 0):
 garbage-first heap   total 193536K, used 163717K [0x00000000c0000000, 0x0000000100000000)
  region size 1024K, 46 young (47104K), 4 survivors (4096K)
 Metaspace       used 99313K, committed 100352K, reserved 344064K
  class space    used 13843K, committed 14336K, reserved 212992K
}
Event: 39.676 GC heap after
{Heap after GC invocations=54 (full 0):
 garbage-first heap   total 193536K, used 124725K [0x00000000c0000000, 0x0000000100000000)
  region size 1024K, 6 young (6144K), 6 survivors (6144K)
 Metaspace       used 99313K, committed 100352K, reserved 344064K
  class space    used 13843K, committed 14336K, reserved 212992K
}
Event: 39.943 GC heap before
{Heap before GC invocations=54 (full 0):
 garbage-first heap   total 193536K, used 148277K [0x00000000c0000000, 0x0000000100000000)
  region size 1024K, 22 young (22528K), 6 survivors (6144K)
 Metaspace       used 99575K, committed 100608K, reserved 344064K
  class space    used 13871K, committed 14336K, reserved 212992K
}
Event: 39.954 GC heap after
{Heap after GC invocations=55 (full 0):
 garbage-first heap   total 193536K, used 139340K [0x00000000c0000000, 0x0000000100000000)
  region size 1024K, 6 young (6144K), 6 survivors (6144K)
 Metaspace       used 99575K, committed 100608K, reserved 344064K
  class space    used 13871K, committed 14336K, reserved 212992K
}
Event: 40.355 GC heap before
{Heap before GC invocations=55 (full 0):
 garbage-first heap   total 266240K, used 164940K [0x00000000c0000000, 0x0000000100000000)
  region size 1024K, 29 young (29696K), 6 survivors (6144K)
 Metaspace       used 100006K, committed 101056K, reserved 344064K
  class space    used 13956K, committed 14464K, reserved 212992K
}
Event: 40.365 GC heap after
{Heap after GC invocations=56 (full 0):
 garbage-first heap   total 266240K, used 146285K [0x00000000c0000000, 0x0000000100000000)
  region size 1024K, 4 young (4096K), 4 survivors (4096K)
 Metaspace       used 100006K, committed 101056K, reserved 344064K
  class space    used 13956K, committed 14464K, reserved 212992K
}
Event: 42.980 GC heap before
{Heap before GC invocations=57 (full 0):
 garbage-first heap   total 266240K, used 222061K [0x00000000c0000000, 0x0000000100000000)
  region size 1024K, 74 young (75776K), 4 survivors (4096K)
 Metaspace       used 101651K, committed 102784K, reserved 344064K
  class space    used 14202K, committed 14720K, reserved 212992K
}
Event: 43.002 GC heap after
{Heap after GC invocations=58 (full 0):
 garbage-first heap   total 266240K, used 160378K [0x00000000c0000000, 0x0000000100000000)
  region size 1024K, 10 young (10240K), 10 survivors (10240K)
 Metaspace       used 101651K, committed 102784K, reserved 344064K
  class space    used 14202K, committed 14720K, reserved 212992K
}
Event: 43.081 GC heap before
{Heap before GC invocations=58 (full 0):
 garbage-first heap   total 266240K, used 163450K [0x00000000c0000000, 0x0000000100000000)
  region size 1024K, 13 young (13312K), 10 survivors (10240K)
 Metaspace       used 101895K, committed 102976K, reserved 344064K
  class space    used 14232K, committed 14720K, reserved 212992K
}
Event: 43.097 GC heap after
{Heap after GC invocations=59 (full 0):
 garbage-first heap   total 266240K, used 161739K [0x00000000c0000000, 0x0000000100000000)
  region size 1024K, 2 young (2048K), 2 survivors (2048K)
 Metaspace       used 101895K, committed 102976K, reserved 344064K
  class space    used 14232K, committed 14720K, reserved 212992K
}
Event: 44.511 GC heap before
{Heap before GC invocations=59 (full 0):
 garbage-first heap   total 266240K, used 218059K [0x00000000c0000000, 0x0000000100000000)
  region size 1024K, 57 young (58368K), 2 survivors (2048K)
 Metaspace       used 104622K, committed 105728K, reserved 344064K
  class space    used 14579K, committed 15104K, reserved 212992K
}
Event: 44.522 GC heap after
{Heap after GC invocations=60 (full 0):
 garbage-first heap   total 266240K, used 164244K [0x00000000c0000000, 0x0000000100000000)
  region size 1024K, 4 young (4096K), 4 survivors (4096K)
 Metaspace       used 104622K, committed 105728K, reserved 344064K
  class space    used 14579K, committed 15104K, reserved 212992K
}
Event: 45.787 GC heap before
{Heap before GC invocations=60 (full 0):
 garbage-first heap   total 266240K, used 220564K [0x00000000c0000000, 0x0000000100000000)
  region size 1024K, 59 young (60416K), 4 survivors (4096K)
 Metaspace       used 109318K, committed 110464K, reserved 344064K
  class space    used 15188K, committed 15744K, reserved 212992K
}
Event: 45.800 GC heap after
{Heap after GC invocations=61 (full 0):
 garbage-first heap   total 266240K, used 166995K [0x00000000c0000000, 0x0000000100000000)
  region size 1024K, 7 young (7168K), 7 survivors (7168K)
 Metaspace       used 109318K, committed 110464K, reserved 344064K
  class space    used 15188K, committed 15744K, reserved 212992K
}

